{"numFailedTestSuites":4,"numFailedTests":7,"numPassedTestSuites":11,"numPassedTests":53,"numPendingTestSuites":0,"numPendingTests":0,"numRuntimeErrorTestSuites":2,"numTodoTests":0,"numTotalTestSuites":15,"numTotalTests":60,"openHandles":[],"snapshot":{"added":0,"didUpdate":false,"failure":false,"filesAdded":0,"filesRemoved":0,"filesRemovedList":[],"filesUnmatched":0,"filesUpdated":0,"matched":0,"total":0,"unchecked":0,"uncheckedKeysByFile":[],"unmatched":0,"updated":0},"startTime":1781278842620,"success":false,"testResults":[{"assertionResults":[{"ancestorTitles":["DashboardPage Component"],"duration":14,"failing":false,"failureDetails":[{"name":"TestingLibraryElementError"}],"failureMessages":["TestingLibraryElementError: Unable to find an element by: [data-testid=\"loading-skeleton\"]\n\nIgnored nodes: comments, script, style\n\u001b[36m<body>\u001b[39m\n  \u001b[36m<div>\u001b[39m\n    \u001b[36m<div\u001b[39m\n      \u001b[33mclass\u001b[39m=\u001b[32m\"space-y-6 animate-pulse max-w-4xl mx-auto pt-6 px-4\"\u001b[39m\n    \u001b[36m>\u001b[39m\n      \u001b[36m<div\u001b[39m\n        \u001b[33mclass\u001b[39m=\u001b[32m\"flex flex-col sm:flex-row justify-between items-start sm:items-center gap-4 border-b border-white/5 pb-4\"\u001b[39m\n      \u001b[36m>\u001b[39m\n        \u001b[36m<div\u001b[39m\n          \u001b[33mclass\u001b[39m=\u001b[32m\"space-y-2 w-1/3\"\u001b[39m\n        \u001b[36m>\u001b[39m\n          \u001b[36m<div\u001b[39m\n            \u001b[33mclass\u001b[39m=\u001b[32m\"h-6 bg-white/10 rounded-lg w-full\"\u001b[39m\n          \u001b[36m/>\u001b[39m\n          \u001b[36m<div\u001b[39m\n            \u001b[33mclass\u001b[39m=\u001b[32m\"h-4 bg-white/5 rounded-md w-3/4\"\u001b[39m\n          \u001b[36m/>\u001b[39m\n        \u001b[36m</div>\u001b[39m\n        \u001b[36m<div\u001b[39m\n          \u001b[33mclass\u001b[39m=\u001b[32m\"h-10 bg-white/10 rounded-xl w-32 shrink-0\"\u001b[39m\n        \u001b[36m/>\u001b[39m\n      \u001b[36m</div>\u001b[39m\n      \u001b[36m<div\u001b[39m\n        \u001b[33mclass\u001b[39m=\u001b[32m\"grid grid-cols-1 md:grid-cols-4 gap-6\"\u001b[39m\n      \u001b[36m>\u001b[39m\n        \u001b[36m<div\u001b[39m\n          \u001b[33mclass\u001b[39m=\u001b[32m\"glass-panel p-6 border-white/5 bg-gray-950/20 space-y-4\"\u001b[39m\n        \u001b[36m>\u001b[39m\n          \u001b[36m<div\u001b[39m\n            \u001b[33mclass\u001b[39m=\u001b[32m\"h-3 bg-white/5 rounded w-1/2\"\u001b[39m\n          \u001b[36m/>\u001b[39m\n          \u001b[36m<div\u001b[39m\n            \u001b[33mclass\u001b[39m=\u001b[32m\"h-8 bg-white/10 rounded-lg w-2/3\"\u001b[39m\n          \u001b[36m/>\u001b[39m\n          \u001b[36m<div\u001b[39m\n            \u001b[33mclass\u001b[39m=\u001b[32m\"h-3 bg-white/5 rounded w-3/4\"\u001b[39m\n          \u001b[36m/>\u001b[39m\n        \u001b[36m</div>\u001b[39m\n        \u001b[36m<div\u001b[39m\n          \u001b[33mclass\u001b[39m=\u001b[32m\"glass-panel p-6 border-white/5 bg-gray-950/20 space-y-4\"\u001b[39m\n        \u001b[36m>\u001b[39m\n          \u001b[36m<div\u001b[39m\n            \u001b[33mclass\u001b[39m=\u001b[32m\"h-3 bg-white/5 rounded w-1/2\"\u001b[39m\n          \u001b[36m/>\u001b[39m\n          \u001b[36m<div\u001b[39m\n            \u001b[33mclass\u001b[39m=\u001b[32m\"h-8 bg-white/10 rounded-lg w-2/3\"\u001b[39m\n          \u001b[36m/>\u001b[39m\n          \u001b[36m<div\u001b[39m\n            \u001b[33mclass\u001b[39m=\u001b[32m\"h-3 bg-white/5 rounded w-3/4\"\u001b[39m\n          \u001b[36m/>\u001b[39m\n        \u001b[36m</div>\u001b[39m\n        \u001b[36m<div\u001b[39m\n          \u001b[33mclass\u001b[39m=\u001b[32m\"glass-panel p-6 border-white/5 bg-gray-950/20 space-y-4\"\u001b[39m\n        \u001b[36m>\u001b[39m\n          \u001b[36m<div\u001b[39m\n            \u001b[33mclass\u001b[39m=\u001b[32m\"h-3 bg-white/5 rounded w-1/2\"\u001b[39m\n          \u001b[36m/>\u001b[39m\n          \u001b[36m<div\u001b[39m\n            \u001b[33mclass\u001b[39m=\u001b[32m\"h-8 bg-white/10 rounded-lg w-2/3\"\u001b[39m\n          \u001b[36m/>\u001b[39m\n          \u001b[36m<div\u001b[39m\n            \u001b[33mclass\u001b[39m=\u001b[32m\"h-3 bg-white/5 rounded w-3/4\"\u001b[39m\n          \u001b[36m/>\u001b[39m\n        \u001b[36m</div>\u001b[39m\n        \u001b[36m<div\u001b[39m\n          \u001b[33mclass\u001b[39m=\u001b[32m\"glass-panel p-6 border-white/5 bg-gray-950/20 space-y-4\"\u001b[39m\n        \u001b[36m>\u001b[39m\n          \u001b[36m<div\u001b[39m\n            \u001b[33mclass\u001b[39m=\u001b[32m\"h-3 bg-white/5 rounded w-1/2\"\u001b[39m\n          \u001b[36m/>\u001b[39m\n          \u001b[36m<div\u001b[39m\n            \u001b[33mclass\u001b[39m=\u001b[32m\"h-8 bg-white/10 rounded-lg w-2/3\"\u001b[39m\n          \u001b[36m/>\u001b[39m\n          \u001b[36m<div\u001b[39m\n            \u001b[33mclass\u001b[39m=\u001b[32m\"h-3 bg-white/5 rounded w-3/4\"\u001b[39m\n          \u001b[36m/>\u001b[39m\n        \u001b[36m</div>\u001b[39m\n      \u001b[36m</div>\u001b[39m\n      \u001b[36m<div\u001b[39m\n        \u001b[33mclass\u001b[39m=\u001b[32m\"glass-panel p-8 border-white/5 bg-gray-950/20 space-y-4\"\u001b[39m\n      \u001b[36m>\u001b[39m\n        \u001b[36m<div\u001b[39m\n          \u001b[33mclass\u001b[39m=\u001b[32m\"h-4 bg-white/10 rounded-lg w-1/4\"\u001b[39m\n        \u001b[36m/>\u001b[39m\n        \u001b[36m<div\u001b[39m\n          \u001b[33mclass\u001b[39m=\u001b[32m\"h-3 bg-white/5 rounded w-full\"\u001b[39m\n        \u001b[36m/>\u001b[39m\n        \u001b[36m<div\u001b[39m\n          \u001b[33mclass\u001b[39m=\u001b[32m\"h-3 bg-white/5 rounded w-5/6\"\u001b[39m\n        \u001b[36m/>\u001b[39m\n        \u001b[36m<div\u001b[39m\n          \u001b[33mclass\u001b[39m=\u001b[32m\"h-3 bg-white/5 rounded w-4/5\"\u001b[39m\n        \u001b[36m/>\u001b[39m\n      \u001b[36m</div>\u001b[39m\n    \u001b[36m</div>\u001b[39m\n  \u001b[36m</div>\u001b[39m\n\u001b[36m</body>\u001b[39m\n    at Object.getElementError (/Users/poleraviteja/Documents/untitled folder/node_modules/@testing-library/dom/dist/config.js:37:19)\n    at /Users/poleraviteja/Documents/untitled folder/node_modules/@testing-library/dom/dist/query-helpers.js:76:38\n    at /Users/poleraviteja/Documents/untitled folder/node_modules/@testing-library/dom/dist/query-helpers.js:52:17\n    at /Users/poleraviteja/Documents/untitled folder/node_modules/@testing-library/dom/dist/query-helpers.js:95:19\n    at Object.<anonymous> (/Users/poleraviteja/Documents/untitled folder/tests/component/DashboardPage.test.tsx:52:19)\n    at Promise.finally.completed (/Users/poleraviteja/Documents/untitled folder/node_modules/jest-circus/build/jestAdapterInit.js:1561:28)\n    at new Promise (<anonymous>)\n    at callAsyncCircusFn (/Users/poleraviteja/Documents/untitled folder/node_modules/jest-circus/build/jestAdapterInit.js:1501:10)\n    at _callCircusTest (/Users/poleraviteja/Documents/untitled folder/node_modules/jest-circus/build/jestAdapterInit.js:1011:40)\n    at _runTest (/Users/poleraviteja/Documents/untitled folder/node_modules/jest-circus/build/jestAdapterInit.js:951:3)\n    at /Users/poleraviteja/Documents/untitled folder/node_modules/jest-circus/build/jestAdapterInit.js:853:7\n    at _runTestsForDescribeBlock (/Users/poleraviteja/Documents/untitled folder/node_modules/jest-circus/build/jestAdapterInit.js:866:11)\n    at _runTestsForDescribeBlock (/Users/poleraviteja/Documents/untitled folder/node_modules/jest-circus/build/jestAdapterInit.js:861:11)\n    at run (/Users/poleraviteja/Documents/untitled folder/node_modules/jest-circus/build/jestAdapterInit.js:765:3)\n    at runAndTransformResultsToJestFormat (/Users/poleraviteja/Documents/untitled folder/node_modules/jest-circus/build/jestAdapterInit.js:1993:21)\n    at jestAdapter (/Users/poleraviteja/Documents/untitled folder/node_modules/jest-circus/build/runner.js:111:19)\n    at runTestInternal (/Users/poleraviteja/Documents/untitled folder/node_modules/jest-runner/build/index.js:276:16)\n    at runTest (/Users/poleraviteja/Documents/untitled folder/node_modules/jest-runner/build/index.js:344:7)"],"fullName":"DashboardPage Component renders loading skeleton initially","invocations":1,"location":null,"numPassingAsserts":0,"retryReasons":[],"startAt":1781278842890,"status":"failed","title":"renders loading skeleton initially"},{"ancestorTitles":["DashboardPage Component"],"duration":26,"failing":false,"failureDetails":[],"failureMessages":[],"fullName":"DashboardPage Component renders empty profile dashboard if no calculation history","invocations":1,"location":null,"numPassingAsserts":2,"retryReasons":[],"startAt":1781278842907,"status":"passed","title":"renders empty profile dashboard if no calculation history"},{"ancestorTitles":["DashboardPage Component"],"duration":23,"failing":false,"failureDetails":[],"failureMessages":[],"fullName":"DashboardPage Component renders full dashboard statistics and charts when data is loaded","invocations":1,"location":null,"numPassingAsserts":9,"retryReasons":[],"startAt":1781278842933,"status":"passed","title":"renders full dashboard statistics and charts when data is loaded"},{"ancestorTitles":["DashboardPage Component"],"duration":5,"failing":false,"failureDetails":[],"failureMessages":[],"fullName":"DashboardPage Component logs error when getDashboardStats fails","invocations":1,"location":null,"numPassingAsserts":1,"retryReasons":[],"startAt":1781278842956,"status":"passed","title":"logs error when getDashboardStats fails"}],"endTime":1781278842968,"message":"  ● DashboardPage Component › renders loading skeleton initially\n\n    TestingLibraryElementError: Unable to find an element by: [data-testid=\"loading-skeleton\"]\n\n    Ignored nodes: comments, script, style\n    \u001b[36m<body>\u001b[39m\n      \u001b[36m<div>\u001b[39m\n        \u001b[36m<div\u001b[39m\n          \u001b[33mclass\u001b[39m=\u001b[32m\"space-y-6 animate-pulse max-w-4xl mx-auto pt-6 px-4\"\u001b[39m\n        \u001b[36m>\u001b[39m\n          \u001b[36m<div\u001b[39m\n            \u001b[33mclass\u001b[39m=\u001b[32m\"flex flex-col sm:flex-row justify-between items-start sm:items-center gap-4 border-b border-white/5 pb-4\"\u001b[39m\n          \u001b[36m>\u001b[39m\n            \u001b[36m<div\u001b[39m\n              \u001b[33mclass\u001b[39m=\u001b[32m\"space-y-2 w-1/3\"\u001b[39m\n            \u001b[36m>\u001b[39m\n              \u001b[36m<div\u001b[39m\n                \u001b[33mclass\u001b[39m=\u001b[32m\"h-6 bg-white/10 rounded-lg w-full\"\u001b[39m\n              \u001b[36m/>\u001b[39m\n              \u001b[36m<div\u001b[39m\n                \u001b[33mclass\u001b[39m=\u001b[32m\"h-4 bg-white/5 rounded-md w-3/4\"\u001b[39m\n              \u001b[36m/>\u001b[39m\n            \u001b[36m</div>\u001b[39m\n            \u001b[36m<div\u001b[39m\n              \u001b[33mclass\u001b[39m=\u001b[32m\"h-10 bg-white/10 rounded-xl w-32 shrink-0\"\u001b[39m\n            \u001b[36m/>\u001b[39m\n          \u001b[36m</div>\u001b[39m\n          \u001b[36m<div\u001b[39m\n            \u001b[33mclass\u001b[39m=\u001b[32m\"grid grid-cols-1 md:grid-cols-4 gap-6\"\u001b[39m\n          \u001b[36m>\u001b[39m\n            \u001b[36m<div\u001b[39m\n              \u001b[33mclass\u001b[39m=\u001b[32m\"glass-panel p-6 border-white/5 bg-gray-950/20 space-y-4\"\u001b[39m\n            \u001b[36m>\u001b[39m\n              \u001b[36m<div\u001b[39m\n                \u001b[33mclass\u001b[39m=\u001b[32m\"h-3 bg-white/5 rounded w-1/2\"\u001b[39m\n              \u001b[36m/>\u001b[39m\n              \u001b[36m<div\u001b[39m\n                \u001b[33mclass\u001b[39m=\u001b[32m\"h-8 bg-white/10 rounded-lg w-2/3\"\u001b[39m\n              \u001b[36m/>\u001b[39m\n              \u001b[36m<div\u001b[39m\n                \u001b[33mclass\u001b[39m=\u001b[32m\"h-3 bg-white/5 rounded w-3/4\"\u001b[39m\n              \u001b[36m/>\u001b[39m\n            \u001b[36m</div>\u001b[39m\n            \u001b[36m<div\u001b[39m\n              \u001b[33mclass\u001b[39m=\u001b[32m\"glass-panel p-6 border-white/5 bg-gray-950/20 space-y-4\"\u001b[39m\n            \u001b[36m>\u001b[39m\n              \u001b[36m<div\u001b[39m\n                \u001b[33mclass\u001b[39m=\u001b[32m\"h-3 bg-white/5 rounded w-1/2\"\u001b[39m\n              \u001b[36m/>\u001b[39m\n              \u001b[36m<div\u001b[39m\n                \u001b[33mclass\u001b[39m=\u001b[32m\"h-8 bg-white/10 rounded-lg w-2/3\"\u001b[39m\n              \u001b[36m/>\u001b[39m\n              \u001b[36m<div\u001b[39m\n                \u001b[33mclass\u001b[39m=\u001b[32m\"h-3 bg-white/5 rounded w-3/4\"\u001b[39m\n              \u001b[36m/>\u001b[39m\n            \u001b[36m</div>\u001b[39m\n            \u001b[36m<div\u001b[39m\n              \u001b[33mclass\u001b[39m=\u001b[32m\"glass-panel p-6 border-white/5 bg-gray-950/20 space-y-4\"\u001b[39m\n            \u001b[36m>\u001b[39m\n              \u001b[36m<div\u001b[39m\n                \u001b[33mclass\u001b[39m=\u001b[32m\"h-3 bg-white/5 rounded w-1/2\"\u001b[39m\n              \u001b[36m/>\u001b[39m\n              \u001b[36m<div\u001b[39m\n                \u001b[33mclass\u001b[39m=\u001b[32m\"h-8 bg-white/10 rounded-lg w-2/3\"\u001b[39m\n              \u001b[36m/>\u001b[39m\n              \u001b[36m<div\u001b[39m\n                \u001b[33mclass\u001b[39m=\u001b[32m\"h-3 bg-white/5 rounded w-3/4\"\u001b[39m\n              \u001b[36m/>\u001b[39m\n            \u001b[36m</div>\u001b[39m\n            \u001b[36m<div\u001b[39m\n              \u001b[33mclass\u001b[39m=\u001b[32m\"glass-panel p-6 border-white/5 bg-gray-950/20 space-y-4\"\u001b[39m\n            \u001b[36m>\u001b[39m\n              \u001b[36m<div\u001b[39m\n                \u001b[33mclass\u001b[39m=\u001b[32m\"h-3 bg-white/5 rounded w-1/2\"\u001b[39m\n              \u001b[36m/>\u001b[39m\n              \u001b[36m<div\u001b[39m\n                \u001b[33mclass\u001b[39m=\u001b[32m\"h-8 bg-white/10 rounded-lg w-2/3\"\u001b[39m\n              \u001b[36m/>\u001b[39m\n              \u001b[36m<div\u001b[39m\n                \u001b[33mclass\u001b[39m=\u001b[32m\"h-3 bg-white/5 rounded w-3/4\"\u001b[39m\n              \u001b[36m/>\u001b[39m\n            \u001b[36m</div>\u001b[39m\n          \u001b[36m</div>\u001b[39m\n          \u001b[36m<div\u001b[39m\n            \u001b[33mclass\u001b[39m=\u001b[32m\"glass-panel p-8 border-white/5 bg-gray-950/20 space-y-4\"\u001b[39m\n          \u001b[36m>\u001b[39m\n            \u001b[36m<div\u001b[39m\n              \u001b[33mclass\u001b[39m=\u001b[32m\"h-4 bg-white/10 rounded-lg w-1/4\"\u001b[39m\n            \u001b[36m/>\u001b[39m\n            \u001b[36m<div\u001b[39m\n              \u001b[33mclass\u001b[39m=\u001b[32m\"h-3 bg-white/5 rounded w-full\"\u001b[39m\n            \u001b[36m/>\u001b[39m\n            \u001b[36m<div\u001b[39m\n              \u001b[33mclass\u001b[39m=\u001b[32m\"h-3 bg-white/5 rounded w-5/6\"\u001b[39m\n            \u001b[36m/>\u001b[39m\n            \u001b[36m<div\u001b[39m\n              \u001b[33mclass\u001b[39m=\u001b[32m\"h-3 bg-white/5 rounded w-4/5\"\u001b[39m\n            \u001b[36m/>\u001b[39m\n          \u001b[36m</div>\u001b[39m\n        \u001b[36m</div>\u001b[39m\n      \u001b[36m</div>\u001b[39m\n    \u001b[36m</body>\u001b[39m\n\n      50 |     (getDashboardStats as jest.Mock).mockReturnValue(new Promise(() => {})); // pending promise\n      51 |     render(<DashboardPage />);\n    > 52 |     expect(screen.getByTestId('loading-skeleton')).toBeInTheDocument();\n         |                   ^\n      53 |   });\n      54 |\n      55 |   it('renders empty profile dashboard if no calculation history', async () => {\n\n      at Object.getElementError (node_modules/@testing-library/dom/dist/config.js:37:19)\n      at node_modules/@testing-library/dom/dist/query-helpers.js:76:38\n      at node_modules/@testing-library/dom/dist/query-helpers.js:52:17\n      at node_modules/@testing-library/dom/dist/query-helpers.js:95:19\n      at Object.<anonymous> (tests/component/DashboardPage.test.tsx:52:19)\n","name":"/Users/poleraviteja/Documents/untitled folder/tests/component/DashboardPage.test.tsx","startTime":1781278842810,"status":"failed","summary":""},{"assertionResults":[{"ancestorTitles":["CoachPage Component"],"duration":9,"failing":false,"failureDetails":[{}],"failureMessages":["TypeError: messagesEndRef.current?.scrollIntoView is not a function\n    at /Users/poleraviteja/Documents/untitled folder/src/app/coach/page.tsx:26:29\n    at Object.react_stack_bottom_frame (/Users/poleraviteja/Documents/untitled folder/node_modules/react-dom/cjs/react-dom-client.development.js:25989:20)\n    at runWithFiberInDEV (/Users/poleraviteja/Documents/untitled folder/node_modules/react-dom/cjs/react-dom-client.development.js:874:13)\n    at commitHookEffectListMount (/Users/poleraviteja/Documents/untitled folder/node_modules/react-dom/cjs/react-dom-client.development.js:13249:29)\n    at commitHookPassiveMountEffects (/Users/poleraviteja/Documents/untitled folder/node_modules/react-dom/cjs/react-dom-client.development.js:13336:11)\n    at commitPassiveMountOnFiber (/Users/poleraviteja/Documents/untitled folder/node_modules/react-dom/cjs/react-dom-client.development.js:15484:13)\n    at recursivelyTraversePassiveMountEffects (/Users/poleraviteja/Documents/untitled folder/node_modules/react-dom/cjs/react-dom-client.development.js:15439:11)\n    at commitPassiveMountOnFiber (/Users/poleraviteja/Documents/untitled folder/node_modules/react-dom/cjs/react-dom-client.development.js:15519:11)\n    at flushPassiveEffects (/Users/poleraviteja/Documents/untitled folder/node_modules/react-dom/cjs/react-dom-client.development.js:18432:9)\n    at /Users/poleraviteja/Documents/untitled folder/node_modules/react-dom/cjs/react-dom-client.development.js:17923:15\n    at flushActQueue (/Users/poleraviteja/Documents/untitled folder/node_modules/react/cjs/react.development.js:590:34)\n    at process.env.NODE_ENV.exports.act (/Users/poleraviteja/Documents/untitled folder/node_modules/react/cjs/react.development.js:884:10)\n    at /Users/poleraviteja/Documents/untitled folder/node_modules/@testing-library/react/dist/act-compat.js:46:25\n    at renderRoot (/Users/poleraviteja/Documents/untitled folder/node_modules/@testing-library/react/dist/pure.js:189:26)\n    at render (/Users/poleraviteja/Documents/untitled folder/node_modules/@testing-library/react/dist/pure.js:291:10)\n    at Object.<anonymous> (/Users/poleraviteja/Documents/untitled folder/tests/component/CoachPage.test.tsx:51:11)\n    at Promise.finally.completed (/Users/poleraviteja/Documents/untitled folder/node_modules/jest-circus/build/jestAdapterInit.js:1561:28)\n    at new Promise (<anonymous>)\n    at callAsyncCircusFn (/Users/poleraviteja/Documents/untitled folder/node_modules/jest-circus/build/jestAdapterInit.js:1501:10)\n    at _callCircusTest (/Users/poleraviteja/Documents/untitled folder/node_modules/jest-circus/build/jestAdapterInit.js:1011:40)\n    at _runTest (/Users/poleraviteja/Documents/untitled folder/node_modules/jest-circus/build/jestAdapterInit.js:951:3)\n    at /Users/poleraviteja/Documents/untitled folder/node_modules/jest-circus/build/jestAdapterInit.js:853:7\n    at _runTestsForDescribeBlock (/Users/poleraviteja/Documents/untitled folder/node_modules/jest-circus/build/jestAdapterInit.js:866:11)\n    at _runTestsForDescribeBlock (/Users/poleraviteja/Documents/untitled folder/node_modules/jest-circus/build/jestAdapterInit.js:861:11)\n    at run (/Users/poleraviteja/Documents/untitled folder/node_modules/jest-circus/build/jestAdapterInit.js:765:3)\n    at runAndTransformResultsToJestFormat (/Users/poleraviteja/Documents/untitled folder/node_modules/jest-circus/build/jestAdapterInit.js:1993:21)\n    at jestAdapter (/Users/poleraviteja/Documents/untitled folder/node_modules/jest-circus/build/runner.js:111:19)\n    at runTestInternal (/Users/poleraviteja/Documents/untitled folder/node_modules/jest-runner/build/index.js:276:16)\n    at runTest (/Users/poleraviteja/Documents/untitled folder/node_modules/jest-runner/build/index.js:344:7)"],"fullName":"CoachPage Component renders chatbot with initial message and presets","invocations":1,"location":null,"numPassingAsserts":0,"retryReasons":[],"startAt":1781278842992,"status":"failed","title":"renders chatbot with initial message and presets"},{"ancestorTitles":["CoachPage Component"],"duration":2,"failing":false,"failureDetails":[{}],"failureMessages":["TypeError: messagesEndRef.current?.scrollIntoView is not a function\n    at /Users/poleraviteja/Documents/untitled folder/src/app/coach/page.tsx:26:29\n    at Object.react_stack_bottom_frame (/Users/poleraviteja/Documents/untitled folder/node_modules/react-dom/cjs/react-dom-client.development.js:25989:20)\n    at runWithFiberInDEV (/Users/poleraviteja/Documents/untitled folder/node_modules/react-dom/cjs/react-dom-client.development.js:874:13)\n    at commitHookEffectListMount (/Users/poleraviteja/Documents/untitled folder/node_modules/react-dom/cjs/react-dom-client.development.js:13249:29)\n    at commitHookPassiveMountEffects (/Users/poleraviteja/Documents/untitled folder/node_modules/react-dom/cjs/react-dom-client.development.js:13336:11)\n    at commitPassiveMountOnFiber (/Users/poleraviteja/Documents/untitled folder/node_modules/react-dom/cjs/react-dom-client.development.js:15484:13)\n    at recursivelyTraversePassiveMountEffects (/Users/poleraviteja/Documents/untitled folder/node_modules/react-dom/cjs/react-dom-client.development.js:15439:11)\n    at commitPassiveMountOnFiber (/Users/poleraviteja/Documents/untitled folder/node_modules/react-dom/cjs/react-dom-client.development.js:15519:11)\n    at flushPassiveEffects (/Users/poleraviteja/Documents/untitled folder/node_modules/react-dom/cjs/react-dom-client.development.js:18432:9)\n    at /Users/poleraviteja/Documents/untitled folder/node_modules/react-dom/cjs/react-dom-client.development.js:17923:15\n    at flushActQueue (/Users/poleraviteja/Documents/untitled folder/node_modules/react/cjs/react.development.js:590:34)\n    at process.env.NODE_ENV.exports.act (/Users/poleraviteja/Documents/untitled folder/node_modules/react/cjs/react.development.js:884:10)\n    at /Users/poleraviteja/Documents/untitled folder/node_modules/@testing-library/react/dist/act-compat.js:46:25\n    at renderRoot (/Users/poleraviteja/Documents/untitled folder/node_modules/@testing-library/react/dist/pure.js:189:26)\n    at render (/Users/poleraviteja/Documents/untitled folder/node_modules/@testing-library/react/dist/pure.js:291:10)\n    at Object.<anonymous> (/Users/poleraviteja/Documents/untitled folder/tests/component/CoachPage.test.tsx:61:11)\n    at Promise.finally.completed (/Users/poleraviteja/Documents/untitled folder/node_modules/jest-circus/build/jestAdapterInit.js:1561:28)\n    at new Promise (<anonymous>)\n    at callAsyncCircusFn (/Users/poleraviteja/Documents/untitled folder/node_modules/jest-circus/build/jestAdapterInit.js:1501:10)\n    at _callCircusTest (/Users/poleraviteja/Documents/untitled folder/node_modules/jest-circus/build/jestAdapterInit.js:1011:40)\n    at _runTest (/Users/poleraviteja/Documents/untitled folder/node_modules/jest-circus/build/jestAdapterInit.js:951:3)\n    at /Users/poleraviteja/Documents/untitled folder/node_modules/jest-circus/build/jestAdapterInit.js:853:7\n    at _runTestsForDescribeBlock (/Users/poleraviteja/Documents/untitled folder/node_modules/jest-circus/build/jestAdapterInit.js:866:11)\n    at _runTestsForDescribeBlock (/Users/poleraviteja/Documents/untitled folder/node_modules/jest-circus/build/jestAdapterInit.js:861:11)\n    at run (/Users/poleraviteja/Documents/untitled folder/node_modules/jest-circus/build/jestAdapterInit.js:765:3)\n    at runAndTransformResultsToJestFormat (/Users/poleraviteja/Documents/untitled folder/node_modules/jest-circus/build/jestAdapterInit.js:1993:21)\n    at jestAdapter (/Users/poleraviteja/Documents/untitled folder/node_modules/jest-circus/build/runner.js:111:19)\n    at runTestInternal (/Users/poleraviteja/Documents/untitled folder/node_modules/jest-runner/build/index.js:276:16)\n    at runTest (/Users/poleraviteja/Documents/untitled folder/node_modules/jest-runner/build/index.js:344:7)"],"fullName":"CoachPage Component sends question on input enter/click and displays reply","invocations":1,"location":null,"numPassingAsserts":0,"retryReasons":[],"startAt":1781278843006,"status":"failed","title":"sends question on input enter/click and displays reply"},{"ancestorTitles":["CoachPage Component"],"duration":2,"failing":false,"failureDetails":[{}],"failureMessages":["TypeError: messagesEndRef.current?.scrollIntoView is not a function\n    at /Users/poleraviteja/Documents/untitled folder/src/app/coach/page.tsx:26:29\n    at Object.react_stack_bottom_frame (/Users/poleraviteja/Documents/untitled folder/node_modules/react-dom/cjs/react-dom-client.development.js:25989:20)\n    at runWithFiberInDEV (/Users/poleraviteja/Documents/untitled folder/node_modules/react-dom/cjs/react-dom-client.development.js:874:13)\n    at commitHookEffectListMount (/Users/poleraviteja/Documents/untitled folder/node_modules/react-dom/cjs/react-dom-client.development.js:13249:29)\n    at commitHookPassiveMountEffects (/Users/poleraviteja/Documents/untitled folder/node_modules/react-dom/cjs/react-dom-client.development.js:13336:11)\n    at commitPassiveMountOnFiber (/Users/poleraviteja/Documents/untitled folder/node_modules/react-dom/cjs/react-dom-client.development.js:15484:13)\n    at recursivelyTraversePassiveMountEffects (/Users/poleraviteja/Documents/untitled folder/node_modules/react-dom/cjs/react-dom-client.development.js:15439:11)\n    at commitPassiveMountOnFiber (/Users/poleraviteja/Documents/untitled folder/node_modules/react-dom/cjs/react-dom-client.development.js:15519:11)\n    at flushPassiveEffects (/Users/poleraviteja/Documents/untitled folder/node_modules/react-dom/cjs/react-dom-client.development.js:18432:9)\n    at /Users/poleraviteja/Documents/untitled folder/node_modules/react-dom/cjs/react-dom-client.development.js:17923:15\n    at flushActQueue (/Users/poleraviteja/Documents/untitled folder/node_modules/react/cjs/react.development.js:590:34)\n    at process.env.NODE_ENV.exports.act (/Users/poleraviteja/Documents/untitled folder/node_modules/react/cjs/react.development.js:884:10)\n    at /Users/poleraviteja/Documents/untitled folder/node_modules/@testing-library/react/dist/act-compat.js:46:25\n    at renderRoot (/Users/poleraviteja/Documents/untitled folder/node_modules/@testing-library/react/dist/pure.js:189:26)\n    at render (/Users/poleraviteja/Documents/untitled folder/node_modules/@testing-library/react/dist/pure.js:291:10)\n    at Object.<anonymous> (/Users/poleraviteja/Documents/untitled folder/tests/component/CoachPage.test.tsx:83:11)\n    at Promise.finally.completed (/Users/poleraviteja/Documents/untitled folder/node_modules/jest-circus/build/jestAdapterInit.js:1561:28)\n    at new Promise (<anonymous>)\n    at callAsyncCircusFn (/Users/poleraviteja/Documents/untitled folder/node_modules/jest-circus/build/jestAdapterInit.js:1501:10)\n    at _callCircusTest (/Users/poleraviteja/Documents/untitled folder/node_modules/jest-circus/build/jestAdapterInit.js:1011:40)\n    at _runTest (/Users/poleraviteja/Documents/untitled folder/node_modules/jest-circus/build/jestAdapterInit.js:951:3)\n    at /Users/poleraviteja/Documents/untitled folder/node_modules/jest-circus/build/jestAdapterInit.js:853:7\n    at _runTestsForDescribeBlock (/Users/poleraviteja/Documents/untitled folder/node_modules/jest-circus/build/jestAdapterInit.js:866:11)\n    at _runTestsForDescribeBlock (/Users/poleraviteja/Documents/untitled folder/node_modules/jest-circus/build/jestAdapterInit.js:861:11)\n    at run (/Users/poleraviteja/Documents/untitled folder/node_modules/jest-circus/build/jestAdapterInit.js:765:3)\n    at runAndTransformResultsToJestFormat (/Users/poleraviteja/Documents/untitled folder/node_modules/jest-circus/build/jestAdapterInit.js:1993:21)\n    at jestAdapter (/Users/poleraviteja/Documents/untitled folder/node_modules/jest-circus/build/runner.js:111:19)\n    at runTestInternal (/Users/poleraviteja/Documents/untitled folder/node_modules/jest-runner/build/index.js:276:16)\n    at runTest (/Users/poleraviteja/Documents/untitled folder/node_modules/jest-runner/build/index.js:344:7)"],"fullName":"CoachPage Component sends preset recommendation when clicked","invocations":1,"location":null,"numPassingAsserts":0,"retryReasons":[],"startAt":1781278843008,"status":"failed","title":"sends preset recommendation when clicked"},{"ancestorTitles":["CoachPage Component"],"duration":2,"failing":false,"failureDetails":[{}],"failureMessages":["TypeError: messagesEndRef.current?.scrollIntoView is not a function\n    at /Users/poleraviteja/Documents/untitled folder/src/app/coach/page.tsx:26:29\n    at Object.react_stack_bottom_frame (/Users/poleraviteja/Documents/untitled folder/node_modules/react-dom/cjs/react-dom-client.development.js:25989:20)\n    at runWithFiberInDEV (/Users/poleraviteja/Documents/untitled folder/node_modules/react-dom/cjs/react-dom-client.development.js:874:13)\n    at commitHookEffectListMount (/Users/poleraviteja/Documents/untitled folder/node_modules/react-dom/cjs/react-dom-client.development.js:13249:29)\n    at commitHookPassiveMountEffects (/Users/poleraviteja/Documents/untitled folder/node_modules/react-dom/cjs/react-dom-client.development.js:13336:11)\n    at commitPassiveMountOnFiber (/Users/poleraviteja/Documents/untitled folder/node_modules/react-dom/cjs/react-dom-client.development.js:15484:13)\n    at recursivelyTraversePassiveMountEffects (/Users/poleraviteja/Documents/untitled folder/node_modules/react-dom/cjs/react-dom-client.development.js:15439:11)\n    at commitPassiveMountOnFiber (/Users/poleraviteja/Documents/untitled folder/node_modules/react-dom/cjs/react-dom-client.development.js:15519:11)\n    at flushPassiveEffects (/Users/poleraviteja/Documents/untitled folder/node_modules/react-dom/cjs/react-dom-client.development.js:18432:9)\n    at /Users/poleraviteja/Documents/untitled folder/node_modules/react-dom/cjs/react-dom-client.development.js:17923:15\n    at flushActQueue (/Users/poleraviteja/Documents/untitled folder/node_modules/react/cjs/react.development.js:590:34)\n    at process.env.NODE_ENV.exports.act (/Users/poleraviteja/Documents/untitled folder/node_modules/react/cjs/react.development.js:884:10)\n    at /Users/poleraviteja/Documents/untitled folder/node_modules/@testing-library/react/dist/act-compat.js:46:25\n    at renderRoot (/Users/poleraviteja/Documents/untitled folder/node_modules/@testing-library/react/dist/pure.js:189:26)\n    at render (/Users/poleraviteja/Documents/untitled folder/node_modules/@testing-library/react/dist/pure.js:291:10)\n    at Object.<anonymous> (/Users/poleraviteja/Documents/untitled folder/tests/component/CoachPage.test.tsx:100:11)\n    at Promise.finally.completed (/Users/poleraviteja/Documents/untitled folder/node_modules/jest-circus/build/jestAdapterInit.js:1561:28)\n    at new Promise (<anonymous>)\n    at callAsyncCircusFn (/Users/poleraviteja/Documents/untitled folder/node_modules/jest-circus/build/jestAdapterInit.js:1501:10)\n    at _callCircusTest (/Users/poleraviteja/Documents/untitled folder/node_modules/jest-circus/build/jestAdapterInit.js:1011:40)\n    at _runTest (/Users/poleraviteja/Documents/untitled folder/node_modules/jest-circus/build/jestAdapterInit.js:951:3)\n    at /Users/poleraviteja/Documents/untitled folder/node_modules/jest-circus/build/jestAdapterInit.js:853:7\n    at _runTestsForDescribeBlock (/Users/poleraviteja/Documents/untitled folder/node_modules/jest-circus/build/jestAdapterInit.js:866:11)\n    at _runTestsForDescribeBlock (/Users/poleraviteja/Documents/untitled folder/node_modules/jest-circus/build/jestAdapterInit.js:861:11)\n    at run (/Users/poleraviteja/Documents/untitled folder/node_modules/jest-circus/build/jestAdapterInit.js:765:3)\n    at runAndTransformResultsToJestFormat (/Users/poleraviteja/Documents/untitled folder/node_modules/jest-circus/build/jestAdapterInit.js:1993:21)\n    at jestAdapter (/Users/poleraviteja/Documents/untitled folder/node_modules/jest-circus/build/runner.js:111:19)\n    at runTestInternal (/Users/poleraviteja/Documents/untitled folder/node_modules/jest-runner/build/index.js:276:16)\n    at runTest (/Users/poleraviteja/Documents/untitled folder/node_modules/jest-runner/build/index.js:344:7)"],"fullName":"CoachPage Component handles voice assistant toggle and speaks replies","invocations":1,"location":null,"numPassingAsserts":0,"retryReasons":[],"startAt":1781278843010,"status":"failed","title":"handles voice assistant toggle and speaks replies"},{"ancestorTitles":["CoachPage Component"],"duration":2,"failing":false,"failureDetails":[{}],"failureMessages":["TypeError: messagesEndRef.current?.scrollIntoView is not a function\n    at /Users/poleraviteja/Documents/untitled folder/src/app/coach/page.tsx:26:29\n    at Object.react_stack_bottom_frame (/Users/poleraviteja/Documents/untitled folder/node_modules/react-dom/cjs/react-dom-client.development.js:25989:20)\n    at runWithFiberInDEV (/Users/poleraviteja/Documents/untitled folder/node_modules/react-dom/cjs/react-dom-client.development.js:874:13)\n    at commitHookEffectListMount (/Users/poleraviteja/Documents/untitled folder/node_modules/react-dom/cjs/react-dom-client.development.js:13249:29)\n    at commitHookPassiveMountEffects (/Users/poleraviteja/Documents/untitled folder/node_modules/react-dom/cjs/react-dom-client.development.js:13336:11)\n    at commitPassiveMountOnFiber (/Users/poleraviteja/Documents/untitled folder/node_modules/react-dom/cjs/react-dom-client.development.js:15484:13)\n    at recursivelyTraversePassiveMountEffects (/Users/poleraviteja/Documents/untitled folder/node_modules/react-dom/cjs/react-dom-client.development.js:15439:11)\n    at commitPassiveMountOnFiber (/Users/poleraviteja/Documents/untitled folder/node_modules/react-dom/cjs/react-dom-client.development.js:15519:11)\n    at flushPassiveEffects (/Users/poleraviteja/Documents/untitled folder/node_modules/react-dom/cjs/react-dom-client.development.js:18432:9)\n    at /Users/poleraviteja/Documents/untitled folder/node_modules/react-dom/cjs/react-dom-client.development.js:17923:15\n    at flushActQueue (/Users/poleraviteja/Documents/untitled folder/node_modules/react/cjs/react.development.js:590:34)\n    at process.env.NODE_ENV.exports.act (/Users/poleraviteja/Documents/untitled folder/node_modules/react/cjs/react.development.js:884:10)\n    at /Users/poleraviteja/Documents/untitled folder/node_modules/@testing-library/react/dist/act-compat.js:46:25\n    at renderRoot (/Users/poleraviteja/Documents/untitled folder/node_modules/@testing-library/react/dist/pure.js:189:26)\n    at render (/Users/poleraviteja/Documents/untitled folder/node_modules/@testing-library/react/dist/pure.js:291:10)\n    at Object.<anonymous> (/Users/poleraviteja/Documents/untitled folder/tests/component/CoachPage.test.tsx:129:11)\n    at Promise.finally.completed (/Users/poleraviteja/Documents/untitled folder/node_modules/jest-circus/build/jestAdapterInit.js:1561:28)\n    at new Promise (<anonymous>)\n    at callAsyncCircusFn (/Users/poleraviteja/Documents/untitled folder/node_modules/jest-circus/build/jestAdapterInit.js:1501:10)\n    at _callCircusTest (/Users/poleraviteja/Documents/untitled folder/node_modules/jest-circus/build/jestAdapterInit.js:1011:40)\n    at _runTest (/Users/poleraviteja/Documents/untitled folder/node_modules/jest-circus/build/jestAdapterInit.js:951:3)\n    at /Users/poleraviteja/Documents/untitled folder/node_modules/jest-circus/build/jestAdapterInit.js:853:7\n    at _runTestsForDescribeBlock (/Users/poleraviteja/Documents/untitled folder/node_modules/jest-circus/build/jestAdapterInit.js:866:11)\n    at _runTestsForDescribeBlock (/Users/poleraviteja/Documents/untitled folder/node_modules/jest-circus/build/jestAdapterInit.js:861:11)\n    at run (/Users/poleraviteja/Documents/untitled folder/node_modules/jest-circus/build/jestAdapterInit.js:765:3)\n    at runAndTransformResultsToJestFormat (/Users/poleraviteja/Documents/untitled folder/node_modules/jest-circus/build/jestAdapterInit.js:1993:21)\n    at jestAdapter (/Users/poleraviteja/Documents/untitled folder/node_modules/jest-circus/build/runner.js:111:19)\n    at runTestInternal (/Users/poleraviteja/Documents/untitled folder/node_modules/jest-runner/build/index.js:276:16)\n    at runTest (/Users/poleraviteja/Documents/untitled folder/node_modules/jest-runner/build/index.js:344:7)"],"fullName":"CoachPage Component uploads file and runs scan receipt logic","invocations":1,"location":null,"numPassingAsserts":0,"retryReasons":[],"startAt":1781278843012,"status":"failed","title":"uploads file and runs scan receipt logic"},{"ancestorTitles":["CoachPage Component"],"duration":2,"failing":false,"failureDetails":[{}],"failureMessages":["TypeError: messagesEndRef.current?.scrollIntoView is not a function\n    at /Users/poleraviteja/Documents/untitled folder/src/app/coach/page.tsx:26:29\n    at Object.react_stack_bottom_frame (/Users/poleraviteja/Documents/untitled folder/node_modules/react-dom/cjs/react-dom-client.development.js:25989:20)\n    at runWithFiberInDEV (/Users/poleraviteja/Documents/untitled folder/node_modules/react-dom/cjs/react-dom-client.development.js:874:13)\n    at commitHookEffectListMount (/Users/poleraviteja/Documents/untitled folder/node_modules/react-dom/cjs/react-dom-client.development.js:13249:29)\n    at commitHookPassiveMountEffects (/Users/poleraviteja/Documents/untitled folder/node_modules/react-dom/cjs/react-dom-client.development.js:13336:11)\n    at commitPassiveMountOnFiber (/Users/poleraviteja/Documents/untitled folder/node_modules/react-dom/cjs/react-dom-client.development.js:15484:13)\n    at recursivelyTraversePassiveMountEffects (/Users/poleraviteja/Documents/untitled folder/node_modules/react-dom/cjs/react-dom-client.development.js:15439:11)\n    at commitPassiveMountOnFiber (/Users/poleraviteja/Documents/untitled folder/node_modules/react-dom/cjs/react-dom-client.development.js:15519:11)\n    at flushPassiveEffects (/Users/poleraviteja/Documents/untitled folder/node_modules/react-dom/cjs/react-dom-client.development.js:18432:9)\n    at /Users/poleraviteja/Documents/untitled folder/node_modules/react-dom/cjs/react-dom-client.development.js:17923:15\n    at flushActQueue (/Users/poleraviteja/Documents/untitled folder/node_modules/react/cjs/react.development.js:590:34)\n    at process.env.NODE_ENV.exports.act (/Users/poleraviteja/Documents/untitled folder/node_modules/react/cjs/react.development.js:884:10)\n    at /Users/poleraviteja/Documents/untitled folder/node_modules/@testing-library/react/dist/act-compat.js:46:25\n    at renderRoot (/Users/poleraviteja/Documents/untitled folder/node_modules/@testing-library/react/dist/pure.js:189:26)\n    at render (/Users/poleraviteja/Documents/untitled folder/node_modules/@testing-library/react/dist/pure.js:291:10)\n    at Object.<anonymous> (/Users/poleraviteja/Documents/untitled folder/tests/component/CoachPage.test.tsx:156:11)\n    at Promise.finally.completed (/Users/poleraviteja/Documents/untitled folder/node_modules/jest-circus/build/jestAdapterInit.js:1561:28)\n    at new Promise (<anonymous>)\n    at callAsyncCircusFn (/Users/poleraviteja/Documents/untitled folder/node_modules/jest-circus/build/jestAdapterInit.js:1501:10)\n    at _callCircusTest (/Users/poleraviteja/Documents/untitled folder/node_modules/jest-circus/build/jestAdapterInit.js:1011:40)\n    at _runTest (/Users/poleraviteja/Documents/untitled folder/node_modules/jest-circus/build/jestAdapterInit.js:951:3)\n    at /Users/poleraviteja/Documents/untitled folder/node_modules/jest-circus/build/jestAdapterInit.js:853:7\n    at _runTestsForDescribeBlock (/Users/poleraviteja/Documents/untitled folder/node_modules/jest-circus/build/jestAdapterInit.js:866:11)\n    at _runTestsForDescribeBlock (/Users/poleraviteja/Documents/untitled folder/node_modules/jest-circus/build/jestAdapterInit.js:861:11)\n    at run (/Users/poleraviteja/Documents/untitled folder/node_modules/jest-circus/build/jestAdapterInit.js:765:3)\n    at runAndTransformResultsToJestFormat (/Users/poleraviteja/Documents/untitled folder/node_modules/jest-circus/build/jestAdapterInit.js:1993:21)\n    at jestAdapter (/Users/poleraviteja/Documents/untitled folder/node_modules/jest-circus/build/runner.js:111:19)\n    at runTestInternal (/Users/poleraviteja/Documents/untitled folder/node_modules/jest-runner/build/index.js:276:16)\n    at runTest (/Users/poleraviteja/Documents/untitled folder/node_modules/jest-runner/build/index.js:344:7)"],"fullName":"CoachPage Component shows alerts/errors if scanReceipt API throws","invocations":1,"location":null,"numPassingAsserts":0,"retryReasons":[],"startAt":1781278843014,"status":"failed","title":"shows alerts/errors if scanReceipt API throws"}],"endTime":1781278843021,"message":"  ● CoachPage Component › renders chatbot with initial message and presets\n\n    TypeError: messagesEndRef.current?.scrollIntoView is not a function\n\n      24 |\n      25 |   useEffect(() => {\n    > 26 |     messagesEndRef.current?.scrollIntoView({ behavior: 'smooth' });\n         |                             ^\n      27 |   }, [messages]);\n      28 |\n      29 |   const speakText = (text: string) => {\n\n      at src/app/coach/page.tsx:26:29\n      at Object.react_stack_bottom_frame (node_modules/react-dom/cjs/react-dom-client.development.js:25989:20)\n      at runWithFiberInDEV (node_modules/react-dom/cjs/react-dom-client.development.js:874:13)\n      at commitHookEffectListMount (node_modules/react-dom/cjs/react-dom-client.development.js:13249:29)\n      at commitHookPassiveMountEffects (node_modules/react-dom/cjs/react-dom-client.development.js:13336:11)\n      at commitPassiveMountOnFiber (node_modules/react-dom/cjs/react-dom-client.development.js:15484:13)\n      at recursivelyTraversePassiveMountEffects (node_modules/react-dom/cjs/react-dom-client.development.js:15439:11)\n      at commitPassiveMountOnFiber (node_modules/react-dom/cjs/react-dom-client.development.js:15519:11)\n      at flushPassiveEffects (node_modules/react-dom/cjs/react-dom-client.development.js:18432:9)\n      at node_modules/react-dom/cjs/react-dom-client.development.js:17923:15\n      at flushActQueue (node_modules/react/cjs/react.development.js:590:34)\n      at process.env.NODE_ENV.exports.act (node_modules/react/cjs/react.development.js:884:10)\n      at node_modules/@testing-library/react/dist/act-compat.js:46:25\n      at renderRoot (node_modules/@testing-library/react/dist/pure.js:189:26)\n      at render (node_modules/@testing-library/react/dist/pure.js:291:10)\n      at Object.<anonymous> (tests/component/CoachPage.test.tsx:51:11)\n\n  ● CoachPage Component › sends question on input enter/click and displays reply\n\n    TypeError: messagesEndRef.current?.scrollIntoView is not a function\n\n      24 |\n      25 |   useEffect(() => {\n    > 26 |     messagesEndRef.current?.scrollIntoView({ behavior: 'smooth' });\n         |                             ^\n      27 |   }, [messages]);\n      28 |\n      29 |   const speakText = (text: string) => {\n\n      at src/app/coach/page.tsx:26:29\n      at Object.react_stack_bottom_frame (node_modules/react-dom/cjs/react-dom-client.development.js:25989:20)\n      at runWithFiberInDEV (node_modules/react-dom/cjs/react-dom-client.development.js:874:13)\n      at commitHookEffectListMount (node_modules/react-dom/cjs/react-dom-client.development.js:13249:29)\n      at commitHookPassiveMountEffects (node_modules/react-dom/cjs/react-dom-client.development.js:13336:11)\n      at commitPassiveMountOnFiber (node_modules/react-dom/cjs/react-dom-client.development.js:15484:13)\n      at recursivelyTraversePassiveMountEffects (node_modules/react-dom/cjs/react-dom-client.development.js:15439:11)\n      at commitPassiveMountOnFiber (node_modules/react-dom/cjs/react-dom-client.development.js:15519:11)\n      at flushPassiveEffects (node_modules/react-dom/cjs/react-dom-client.development.js:18432:9)\n      at node_modules/react-dom/cjs/react-dom-client.development.js:17923:15\n      at flushActQueue (node_modules/react/cjs/react.development.js:590:34)\n      at process.env.NODE_ENV.exports.act (node_modules/react/cjs/react.development.js:884:10)\n      at node_modules/@testing-library/react/dist/act-compat.js:46:25\n      at renderRoot (node_modules/@testing-library/react/dist/pure.js:189:26)\n      at render (node_modules/@testing-library/react/dist/pure.js:291:10)\n      at Object.<anonymous> (tests/component/CoachPage.test.tsx:61:11)\n\n  ● CoachPage Component › sends preset recommendation when clicked\n\n    TypeError: messagesEndRef.current?.scrollIntoView is not a function\n\n      24 |\n      25 |   useEffect(() => {\n    > 26 |     messagesEndRef.current?.scrollIntoView({ behavior: 'smooth' });\n         |                             ^\n      27 |   }, [messages]);\n      28 |\n      29 |   const speakText = (text: string) => {\n\n      at src/app/coach/page.tsx:26:29\n      at Object.react_stack_bottom_frame (node_modules/react-dom/cjs/react-dom-client.development.js:25989:20)\n      at runWithFiberInDEV (node_modules/react-dom/cjs/react-dom-client.development.js:874:13)\n      at commitHookEffectListMount (node_modules/react-dom/cjs/react-dom-client.development.js:13249:29)\n      at commitHookPassiveMountEffects (node_modules/react-dom/cjs/react-dom-client.development.js:13336:11)\n      at commitPassiveMountOnFiber (node_modules/react-dom/cjs/react-dom-client.development.js:15484:13)\n      at recursivelyTraversePassiveMountEffects (node_modules/react-dom/cjs/react-dom-client.development.js:15439:11)\n      at commitPassiveMountOnFiber (node_modules/react-dom/cjs/react-dom-client.development.js:15519:11)\n      at flushPassiveEffects (node_modules/react-dom/cjs/react-dom-client.development.js:18432:9)\n      at node_modules/react-dom/cjs/react-dom-client.development.js:17923:15\n      at flushActQueue (node_modules/react/cjs/react.development.js:590:34)\n      at process.env.NODE_ENV.exports.act (node_modules/react/cjs/react.development.js:884:10)\n      at node_modules/@testing-library/react/dist/act-compat.js:46:25\n      at renderRoot (node_modules/@testing-library/react/dist/pure.js:189:26)\n      at render (node_modules/@testing-library/react/dist/pure.js:291:10)\n      at Object.<anonymous> (tests/component/CoachPage.test.tsx:83:11)\n\n  ● CoachPage Component › handles voice assistant toggle and speaks replies\n\n    TypeError: messagesEndRef.current?.scrollIntoView is not a function\n\n      24 |\n      25 |   useEffect(() => {\n    > 26 |     messagesEndRef.current?.scrollIntoView({ behavior: 'smooth' });\n         |                             ^\n      27 |   }, [messages]);\n      28 |\n      29 |   const speakText = (text: string) => {\n\n      at src/app/coach/page.tsx:26:29\n      at Object.react_stack_bottom_frame (node_modules/react-dom/cjs/react-dom-client.development.js:25989:20)\n      at runWithFiberInDEV (node_modules/react-dom/cjs/react-dom-client.development.js:874:13)\n      at commitHookEffectListMount (node_modules/react-dom/cjs/react-dom-client.development.js:13249:29)\n      at commitHookPassiveMountEffects (node_modules/react-dom/cjs/react-dom-client.development.js:13336:11)\n      at commitPassiveMountOnFiber (node_modules/react-dom/cjs/react-dom-client.development.js:15484:13)\n      at recursivelyTraversePassiveMountEffects (node_modules/react-dom/cjs/react-dom-client.development.js:15439:11)\n      at commitPassiveMountOnFiber (node_modules/react-dom/cjs/react-dom-client.development.js:15519:11)\n      at flushPassiveEffects (node_modules/react-dom/cjs/react-dom-client.development.js:18432:9)\n      at node_modules/react-dom/cjs/react-dom-client.development.js:17923:15\n      at flushActQueue (node_modules/react/cjs/react.development.js:590:34)\n      at process.env.NODE_ENV.exports.act (node_modules/react/cjs/react.development.js:884:10)\n      at node_modules/@testing-library/react/dist/act-compat.js:46:25\n      at renderRoot (node_modules/@testing-library/react/dist/pure.js:189:26)\n      at render (node_modules/@testing-library/react/dist/pure.js:291:10)\n      at Object.<anonymous> (tests/component/CoachPage.test.tsx:100:11)\n\n  ● CoachPage Component › uploads file and runs scan receipt logic\n\n    TypeError: messagesEndRef.current?.scrollIntoView is not a function\n\n      24 |\n      25 |   useEffect(() => {\n    > 26 |     messagesEndRef.current?.scrollIntoView({ behavior: 'smooth' });\n         |                             ^\n      27 |   }, [messages]);\n      28 |\n      29 |   const speakText = (text: string) => {\n\n      at src/app/coach/page.tsx:26:29\n      at Object.react_stack_bottom_frame (node_modules/react-dom/cjs/react-dom-client.development.js:25989:20)\n      at runWithFiberInDEV (node_modules/react-dom/cjs/react-dom-client.development.js:874:13)\n      at commitHookEffectListMount (node_modules/react-dom/cjs/react-dom-client.development.js:13249:29)\n      at commitHookPassiveMountEffects (node_modules/react-dom/cjs/react-dom-client.development.js:13336:11)\n      at commitPassiveMountOnFiber (node_modules/react-dom/cjs/react-dom-client.development.js:15484:13)\n      at recursivelyTraversePassiveMountEffects (node_modules/react-dom/cjs/react-dom-client.development.js:15439:11)\n      at commitPassiveMountOnFiber (node_modules/react-dom/cjs/react-dom-client.development.js:15519:11)\n      at flushPassiveEffects (node_modules/react-dom/cjs/react-dom-client.development.js:18432:9)\n      at node_modules/react-dom/cjs/react-dom-client.development.js:17923:15\n      at flushActQueue (node_modules/react/cjs/react.development.js:590:34)\n      at process.env.NODE_ENV.exports.act (node_modules/react/cjs/react.development.js:884:10)\n      at node_modules/@testing-library/react/dist/act-compat.js:46:25\n      at renderRoot (node_modules/@testing-library/react/dist/pure.js:189:26)\n      at render (node_modules/@testing-library/react/dist/pure.js:291:10)\n      at Object.<anonymous> (tests/component/CoachPage.test.tsx:129:11)\n\n  ● CoachPage Component › shows alerts/errors if scanReceipt API throws\n\n    TypeError: messagesEndRef.current?.scrollIntoView is not a function\n\n      24 |\n      25 |   useEffect(() => {\n    > 26 |     messagesEndRef.current?.scrollIntoView({ behavior: 'smooth' });\n         |                             ^\n      27 |   }, [messages]);\n      28 |\n      29 |   const speakText = (text: string) => {\n\n      at src/app/coach/page.tsx:26:29\n      at Object.react_stack_bottom_frame (node_modules/react-dom/cjs/react-dom-client.development.js:25989:20)\n      at runWithFiberInDEV (node_modules/react-dom/cjs/react-dom-client.development.js:874:13)\n      at commitHookEffectListMount (node_modules/react-dom/cjs/react-dom-client.development.js:13249:29)\n      at commitHookPassiveMountEffects (node_modules/react-dom/cjs/react-dom-client.development.js:13336:11)\n      at commitPassiveMountOnFiber (node_modules/react-dom/cjs/react-dom-client.development.js:15484:13)\n      at recursivelyTraversePassiveMountEffects (node_modules/react-dom/cjs/react-dom-client.development.js:15439:11)\n      at commitPassiveMountOnFiber (node_modules/react-dom/cjs/react-dom-client.development.js:15519:11)\n      at flushPassiveEffects (node_modules/react-dom/cjs/react-dom-client.development.js:18432:9)\n      at node_modules/react-dom/cjs/react-dom-client.development.js:17923:15\n      at flushActQueue (node_modules/react/cjs/react.development.js:590:34)\n      at process.env.NODE_ENV.exports.act (node_modules/react/cjs/react.development.js:884:10)\n      at node_modules/@testing-library/react/dist/act-compat.js:46:25\n      at renderRoot (node_modules/@testing-library/react/dist/pure.js:189:26)\n      at render (node_modules/@testing-library/react/dist/pure.js:291:10)\n      at Object.<anonymous> (tests/component/CoachPage.test.tsx:156:11)\n","name":"/Users/poleraviteja/Documents/untitled folder/tests/component/CoachPage.test.tsx","startTime":1781278842974,"status":"failed","summary":""},{"assertionResults":[],"coverage":{},"endTime":1781278843808,"message":"  ● Test suite failed to run\n\n    ReferenceError: Cannot access 'refetchMock' before initialization\n\n      11 |       user: { id: 'u-1', name: 'John Doe', points: 600, level: 'Eco Explorer' }, // Has 600 XP\n      12 |       loading: false,\n    > 13 |       refetch: refetchMock,\n         |                ^\n      14 |     })\n      15 |     .mockReturnValue({\n      16 |       user: { id: 'u-1', name: 'John Doe', points: 50, level: 'Beginner' }, // Has 50 XP (poor)\n\n      at tests/component/MarketplacePage.test.tsx:13:16\n      at Object.<anonymous> (src/app/marketplace/page.tsx:4:1)\n      at Object.<anonymous> (tests/component/MarketplacePage.test.tsx:3:1)\n","name":"/Users/poleraviteja/Documents/untitled folder/tests/component/MarketplacePage.test.tsx","startTime":1781278843808,"status":"failed","summary":""},{"assertionResults":[],"coverage":{},"endTime":1781278843808,"message":"  ● Test suite failed to run\n\n    ReferenceError: Cannot access 'refetchMock' before initialization\n\n      10 |     user: { id: 'u-1', name: 'John Doe', points: 150, level: 'Eco Explorer' },\n      11 |     loading: false,\n    > 12 |     refetch: refetchMock,\n         |              ^\n      13 |   });\n      14 | });\n      15 |\n\n      at tests/component/ChallengesPage.test.tsx:12:14\n      at Object.<anonymous> (src/app/challenges/page.tsx:4:1)\n      at Object.<anonymous> (tests/component/ChallengesPage.test.tsx:3:1)\n","name":"/Users/poleraviteja/Documents/untitled folder/tests/component/ChallengesPage.test.tsx","startTime":1781278843808,"status":"failed","summary":""},{"assertionResults":[{"ancestorTitles":["SimulatorPage Component"],"duration":29,"failing":false,"failureDetails":[],"failureMessages":[],"fullName":"SimulatorPage Component renders simulator baseline statistics, sliders, and avatar twin correctly","invocations":1,"location":null,"numPassingAsserts":6,"retryReasons":[],"startAt":1781278843162,"status":"passed","title":"renders simulator baseline statistics, sliders, and avatar twin correctly"},{"ancestorTitles":["SimulatorPage Component"],"duration":10,"failing":false,"failureDetails":[],"failureMessages":[],"fullName":"SimulatorPage Component renders eco champion avatar crown for score >= 85","invocations":1,"location":null,"numPassingAsserts":2,"retryReasons":[],"startAt":1781278843191,"status":"passed","title":"renders eco champion avatar crown for score >= 85"},{"ancestorTitles":["SimulatorPage Component"],"duration":9,"failing":false,"failureDetails":[],"failureMessages":[],"fullName":"SimulatorPage Component falls back to default baseline calculation if user has no calculation history","invocations":1,"location":null,"numPassingAsserts":3,"retryReasons":[],"startAt":1781278843201,"status":"passed","title":"falls back to default baseline calculation if user has no calculation history"},{"ancestorTitles":["SimulatorPage Component"],"duration":20,"failing":false,"failureDetails":[],"failureMessages":[],"fullName":"SimulatorPage Component updates simulated footprint when diet and recycling selections change","invocations":1,"location":null,"numPassingAsserts":5,"retryReasons":[],"startAt":1781278843210,"status":"passed","title":"updates simulated footprint when diet and recycling selections change"},{"ancestorTitles":["SimulatorPage Component"],"duration":9,"failing":false,"failureDetails":[],"failureMessages":[],"fullName":"SimulatorPage Component renders healthy planet avatar for score >= 70 and < 85","invocations":1,"location":null,"numPassingAsserts":1,"retryReasons":[],"startAt":1781278843230,"status":"passed","title":"renders healthy planet avatar for score >= 70 and < 85"},{"ancestorTitles":["SimulatorPage Component"],"duration":7,"failing":false,"failureDetails":[],"failureMessages":[],"fullName":"SimulatorPage Component logs error when loadStats fails","invocations":1,"location":null,"numPassingAsserts":1,"retryReasons":[],"startAt":1781278843239,"status":"passed","title":"logs error when loadStats fails"}],"endTime":1781278843246,"message":"","name":"/Users/poleraviteja/Documents/untitled folder/tests/component/SimulatorPage.test.tsx","startTime":1781278843076,"status":"passed","summary":""},{"assertionResults":[{"ancestorTitles":["RegisterPage Component"],"duration":7,"failing":false,"failureDetails":[],"failureMessages":[],"fullName":"RegisterPage Component renders register form elements correctly","invocations":1,"location":null,"numPassingAsserts":4,"retryReasons":[],"startAt":1781278843269,"status":"passed","title":"renders register form elements correctly"},{"ancestorTitles":["RegisterPage Component"],"duration":12,"failing":false,"failureDetails":[],"failureMessages":[],"fullName":"RegisterPage Component shows error if name is an email address","invocations":1,"location":null,"numPassingAsserts":1,"retryReasons":[],"startAt":1781278843276,"status":"passed","title":"shows error if name is an email address"},{"ancestorTitles":["RegisterPage Component"],"duration":12,"failing":false,"failureDetails":[],"failureMessages":[],"fullName":"RegisterPage Component shows error if email format is invalid","invocations":1,"location":null,"numPassingAsserts":1,"retryReasons":[],"startAt":1781278843288,"status":"passed","title":"shows error if email format is invalid"},{"ancestorTitles":["RegisterPage Component"],"duration":15,"failing":false,"failureDetails":[],"failureMessages":[],"fullName":"RegisterPage Component submits form successfully and redirects user","invocations":1,"location":null,"numPassingAsserts":3,"retryReasons":[],"startAt":1781278843300,"status":"passed","title":"submits form successfully and redirects user"},{"ancestorTitles":["RegisterPage Component"],"duration":53,"failing":false,"failureDetails":[],"failureMessages":[],"fullName":"RegisterPage Component redirects to dashboard if already logged in","invocations":1,"location":null,"numPassingAsserts":1,"retryReasons":[],"startAt":1781278843315,"status":"passed","title":"redirects to dashboard if already logged in"},{"ancestorTitles":["RegisterPage Component"],"duration":10,"failing":false,"failureDetails":[],"failureMessages":[],"fullName":"RegisterPage Component shows error if submitting with missing fields","invocations":1,"location":null,"numPassingAsserts":3,"retryReasons":[],"startAt":1781278843368,"status":"passed","title":"shows error if submitting with missing fields"},{"ancestorTitles":["RegisterPage Component"],"duration":11,"failing":false,"failureDetails":[],"failureMessages":[],"fullName":"RegisterPage Component shows error if password does not meet safety standards","invocations":1,"location":null,"numPassingAsserts":2,"retryReasons":[],"startAt":1781278843378,"status":"passed","title":"shows error if password does not meet safety standards"},{"ancestorTitles":["RegisterPage Component"],"duration":18,"failing":false,"failureDetails":[],"failureMessages":[],"fullName":"RegisterPage Component shows registration failed error if register API throws","invocations":1,"location":null,"numPassingAsserts":1,"retryReasons":[],"startAt":1781278843389,"status":"passed","title":"shows registration failed error if register API throws"}],"endTime":1781278843407,"message":"","name":"/Users/poleraviteja/Documents/untitled folder/tests/component/RegisterPage.test.tsx","startTime":1781278843250,"status":"passed","summary":""},{"assertionResults":[{"ancestorTitles":["App Root Component Routing"],"duration":2,"failing":false,"failureDetails":[],"failureMessages":[],"fullName":"App Root Component Routing renders landing page by default","invocations":1,"location":null,"numPassingAsserts":1,"retryReasons":[],"startAt":1781278843430,"status":"passed","title":"renders landing page by default"},{"ancestorTitles":["App Root Component Routing"],"duration":3,"failing":false,"failureDetails":[],"failureMessages":[],"fullName":"App Root Component Routing routes to dashboard on hash change","invocations":1,"location":null,"numPassingAsserts":1,"retryReasons":[],"startAt":1781278843432,"status":"passed","title":"routes to dashboard on hash change"},{"ancestorTitles":["App Root Component Routing"],"duration":2,"failing":false,"failureDetails":[],"failureMessages":[],"fullName":"App Root Component Routing routes to calculator on custom view change event","invocations":1,"location":null,"numPassingAsserts":2,"retryReasons":[],"startAt":1781278843435,"status":"passed","title":"routes to calculator on custom view change event"},{"ancestorTitles":["App Root Component Routing"],"duration":4,"failing":false,"failureDetails":[],"failureMessages":[],"fullName":"App Root Component Routing routes to login and other views correctly","invocations":1,"location":null,"numPassingAsserts":2,"retryReasons":[],"startAt":1781278843437,"status":"passed","title":"routes to login and other views correctly"}],"endTime":1781278843441,"message":"","name":"/Users/poleraviteja/Documents/untitled folder/tests/component/App.test.tsx","startTime":1781278843411,"status":"passed","summary":""},{"assertionResults":[{"ancestorTitles":["LoginPage Component"],"duration":5,"failing":false,"failureDetails":[],"failureMessages":[],"fullName":"LoginPage Component renders login form elements correctly","invocations":1,"location":null,"numPassingAsserts":3,"retryReasons":[],"startAt":1781278843463,"status":"passed","title":"renders login form elements correctly"},{"ancestorTitles":["LoginPage Component"],"duration":11,"failing":false,"failureDetails":[],"failureMessages":[],"fullName":"LoginPage Component submits form successfully and redirects user","invocations":1,"location":null,"numPassingAsserts":3,"retryReasons":[],"startAt":1781278843468,"status":"passed","title":"submits form successfully and redirects user"},{"ancestorTitles":["LoginPage Component"],"duration":11,"failing":false,"failureDetails":[],"failureMessages":[],"fullName":"LoginPage Component shows error message if API fails","invocations":1,"location":null,"numPassingAsserts":1,"retryReasons":[],"startAt":1781278843479,"status":"passed","title":"shows error message if API fails"},{"ancestorTitles":["LoginPage Component"],"duration":54,"failing":false,"failureDetails":[],"failureMessages":[],"fullName":"LoginPage Component redirects to dashboard if already logged in","invocations":1,"location":null,"numPassingAsserts":1,"retryReasons":[],"startAt":1781278843490,"status":"passed","title":"redirects to dashboard if already logged in"},{"ancestorTitles":["LoginPage Component"],"duration":5,"failing":false,"failureDetails":[],"failureMessages":[],"fullName":"LoginPage Component shows validation error if email or password is empty","invocations":1,"location":null,"numPassingAsserts":1,"retryReasons":[],"startAt":1781278843544,"status":"passed","title":"shows validation error if email or password is empty"}],"endTime":1781278843549,"message":"","name":"/Users/poleraviteja/Documents/untitled folder/tests/component/LoginPage.test.tsx","startTime":1781278843446,"status":"passed","summary":""},{"assertionResults":[{"ancestorTitles":["CalculatorPage Component"],"duration":47,"failing":false,"failureDetails":[],"failureMessages":[],"fullName":"CalculatorPage Component steps through transport mode and calculates emissions successfully","invocations":1,"location":null,"numPassingAsserts":12,"retryReasons":[],"startAt":1781278843574,"status":"passed","title":"steps through transport mode and calculates emissions successfully"},{"ancestorTitles":["CalculatorPage Component"],"duration":19,"failing":false,"failureDetails":[],"failureMessages":[],"fullName":"CalculatorPage Component handles submission error gracefully","invocations":1,"location":null,"numPassingAsserts":2,"retryReasons":[],"startAt":1781278843621,"status":"passed","title":"handles submission error gracefully"}],"endTime":1781278843641,"message":"","name":"/Users/poleraviteja/Documents/untitled folder/tests/component/CalculatorPage.test.tsx","startTime":1781278843554,"status":"passed","summary":""},{"assertionResults":[{"ancestorTitles":["Local Storage API Client"],"duration":5,"failing":false,"failureDetails":[],"failureMessages":[],"fullName":"Local Storage API Client handles user registration and active sessions","invocations":1,"location":null,"numPassingAsserts":7,"retryReasons":[],"startAt":1781278843659,"status":"passed","title":"handles user registration and active sessions"},{"ancestorTitles":["Local Storage API Client"],"duration":1,"failing":false,"failureDetails":[],"failureMessages":[],"fullName":"Local Storage API Client handles user login and logout","invocations":1,"location":null,"numPassingAsserts":5,"retryReasons":[],"startAt":1781278843664,"status":"passed","title":"handles user login and logout"},{"ancestorTitles":["Local Storage API Client"],"duration":1,"failing":false,"failureDetails":[],"failureMessages":[],"fullName":"Local Storage API Client calculates carbon footprint and fetches dashboard stats","invocations":1,"location":null,"numPassingAsserts":9,"retryReasons":[],"startAt":1781278843665,"status":"passed","title":"calculates carbon footprint and fetches dashboard stats"},{"ancestorTitles":["Local Storage API Client"],"duration":0,"failing":false,"failureDetails":[],"failureMessages":[],"fullName":"Local Storage API Client submits daily habits and earns XP","invocations":1,"location":null,"numPassingAsserts":2,"retryReasons":[],"startAt":1781278843666,"status":"passed","title":"submits daily habits and earns XP"},{"ancestorTitles":["Local Storage API Client"],"duration":1,"failing":false,"failureDetails":[],"failureMessages":[],"fullName":"Local Storage API Client manages challenges and rewards","invocations":1,"location":null,"numPassingAsserts":9,"retryReasons":[],"startAt":1781278843666,"status":"passed","title":"manages challenges and rewards"},{"ancestorTitles":["Local Storage API Client"],"duration":0,"failing":false,"failureDetails":[],"failureMessages":[],"fullName":"Local Storage API Client fetches community leaderboard","invocations":1,"location":null,"numPassingAsserts":2,"retryReasons":[],"startAt":1781278843667,"status":"passed","title":"fetches community leaderboard"},{"ancestorTitles":["Local Storage API Client"],"duration":1,"failing":false,"failureDetails":[],"failureMessages":[],"fullName":"Local Storage API Client processes green marketplace offset purchases","invocations":1,"location":null,"numPassingAsserts":3,"retryReasons":[],"startAt":1781278843667,"status":"passed","title":"processes green marketplace offset purchases"},{"ancestorTitles":["Local Storage API Client"],"duration":0,"failing":false,"failureDetails":[],"failureMessages":[],"fullName":"Local Storage API Client runs local AI Coach chatbot logic","invocations":1,"location":null,"numPassingAsserts":5,"retryReasons":[],"startAt":1781278843668,"status":"passed","title":"runs local AI Coach chatbot logic"},{"ancestorTitles":["Local Storage API Client"],"duration":1,"failing":false,"failureDetails":[],"failureMessages":[],"fullName":"Local Storage API Client scans mock receipts of different categories","invocations":1,"location":null,"numPassingAsserts":3,"retryReasons":[],"startAt":1781278843668,"status":"passed","title":"scans mock receipts of different categories"},{"ancestorTitles":["Local Storage API Client"],"duration":0,"failing":false,"failureDetails":[],"failureMessages":[],"fullName":"Local Storage API Client correctly scales user levels and ranks based on points","invocations":1,"location":null,"numPassingAsserts":3,"retryReasons":[],"startAt":1781278843669,"status":"passed","title":"correctly scales user levels and ranks based on points"},{"ancestorTitles":["Local Storage API Client"],"duration":0,"failing":false,"failureDetails":[],"failureMessages":[],"fullName":"Local Storage API Client analyzes highest emission category in default coach fallback","invocations":1,"location":null,"numPassingAsserts":2,"retryReasons":[],"startAt":1781278843669,"status":"passed","title":"analyzes highest emission category in default coach fallback"},{"ancestorTitles":["Local Storage API Client"],"duration":1,"failing":false,"failureDetails":[],"failureMessages":[],"fullName":"Local Storage API Client provides print URL and generates markdown download file","invocations":1,"location":null,"numPassingAsserts":4,"retryReasons":[],"startAt":1781278843669,"status":"passed","title":"provides print URL and generates markdown download file"}],"endTime":1781278843670,"message":"","name":"/Users/poleraviteja/Documents/untitled folder/tests/component/api.test.ts","startTime":1781278843645,"status":"passed","summary":""},{"assertionResults":[{"ancestorTitles":["LeaderboardPage Component"],"duration":9,"failing":false,"failureDetails":[],"failureMessages":[],"fullName":"LeaderboardPage Component renders leaderboard elements correctly, podiums and tables","invocations":1,"location":null,"numPassingAsserts":5,"retryReasons":[],"startAt":1781278843692,"status":"passed","title":"renders leaderboard elements correctly, podiums and tables"},{"ancestorTitles":["LeaderboardPage Component"],"duration":4,"failing":false,"failureDetails":[],"failureMessages":[],"fullName":"LeaderboardPage Component logs error when getLeaderboard fails","invocations":1,"location":null,"numPassingAsserts":1,"retryReasons":[],"startAt":1781278843701,"status":"passed","title":"logs error when getLeaderboard fails"}],"endTime":1781278843705,"message":"","name":"/Users/poleraviteja/Documents/untitled folder/tests/component/LeaderboardPage.test.tsx","startTime":1781278843675,"status":"passed","summary":""},{"assertionResults":[{"ancestorTitles":["LandingPage Component"],"duration":5,"failing":false,"failureDetails":[],"failureMessages":[],"fullName":"LandingPage Component renders landing page for non-logged in user","invocations":1,"location":null,"numPassingAsserts":3,"retryReasons":[],"startAt":1781278843727,"status":"passed","title":"renders landing page for non-logged in user"},{"ancestorTitles":["LandingPage Component"],"duration":4,"failing":false,"failureDetails":[],"failureMessages":[],"fullName":"LandingPage Component renders landing page for logged in user","invocations":1,"location":null,"numPassingAsserts":2,"retryReasons":[],"startAt":1781278843732,"status":"passed","title":"renders landing page for logged in user"},{"ancestorTitles":["LandingPage Component"],"duration":3,"failing":false,"failureDetails":[],"failureMessages":[],"fullName":"LandingPage Component renders loading spinner when auth is loading","invocations":1,"location":null,"numPassingAsserts":1,"retryReasons":[],"startAt":1781278843736,"status":"passed","title":"renders loading spinner when auth is loading"}],"endTime":1781278843739,"message":"","name":"/Users/poleraviteja/Documents/untitled folder/tests/component/LandingPage.test.tsx","startTime":1781278843708,"status":"passed","summary":""},{"assertionResults":[{"ancestorTitles":["Next Router Polyfill Mocks"],"duration":0,"failing":false,"failureDetails":[],"failureMessages":[],"fullName":"Next Router Polyfill Mocks triggerViewChange dispatches custom navigation events","invocations":1,"location":null,"numPassingAsserts":3,"retryReasons":[],"startAt":1781278843761,"status":"passed","title":"triggerViewChange dispatches custom navigation events"},{"ancestorTitles":["Next Router Polyfill Mocks"],"duration":2,"failing":false,"failureDetails":[],"failureMessages":[],"fullName":"Next Router Polyfill Mocks Link component renders correctly and responds to clicks","invocations":1,"location":null,"numPassingAsserts":5,"retryReasons":[],"startAt":1781278843762,"status":"passed","title":"Link component renders correctly and responds to clicks"},{"ancestorTitles":["Next Router Polyfill Mocks"],"duration":0,"failing":false,"failureDetails":[],"failureMessages":[],"fullName":"Next Router Polyfill Mocks useRouter pushes and replaces views","invocations":1,"location":null,"numPassingAsserts":3,"retryReasons":[],"startAt":1781278843764,"status":"passed","title":"useRouter pushes and replaces views"},{"ancestorTitles":["Next Router Polyfill Mocks"],"duration":1,"failing":false,"failureDetails":[],"failureMessages":[],"fullName":"Next Router Polyfill Mocks usePathname extracts window hash pathname correctly","invocations":1,"location":null,"numPassingAsserts":2,"retryReasons":[],"startAt":1781278843764,"status":"passed","title":"usePathname extracts window hash pathname correctly"}],"endTime":1781278843765,"message":"","name":"/Users/poleraviteja/Documents/untitled folder/tests/component/nextLinkMock.test.tsx","startTime":1781278843742,"status":"passed","summary":""},{"assertionResults":[{"ancestorTitles":["LoadingSkeleton Component"],"duration":2,"failing":false,"failureDetails":[],"failureMessages":[],"fullName":"LoadingSkeleton Component renders loading placeholder cards and content sections","invocations":1,"location":null,"numPassingAsserts":2,"retryReasons":[],"startAt":1781278843784,"status":"passed","title":"renders loading placeholder cards and content sections"}],"endTime":1781278843787,"message":"","name":"/Users/poleraviteja/Documents/untitled folder/tests/component/LoadingSkeleton.test.tsx","startTime":1781278843768,"status":"passed","summary":""},{"assertionResults":[{"ancestorTitles":["Carbon Calculation Math Utility"],"duration":1,"failing":false,"failureDetails":[],"failureMessages":[],"fullName":"Carbon Calculation Math Utility correctly calculates high emission mixed footprint","invocations":1,"location":null,"numPassingAsserts":8,"retryReasons":[],"startAt":1781278843805,"status":"passed","title":"correctly calculates high emission mixed footprint"},{"ancestorTitles":["Carbon Calculation Math Utility"],"duration":0,"failing":false,"failureDetails":[],"failureMessages":[],"fullName":"Carbon Calculation Math Utility correctly calculates low eco-friendly footprint","invocations":1,"location":null,"numPassingAsserts":8,"retryReasons":[],"startAt":1781278843806,"status":"passed","title":"correctly calculates low eco-friendly footprint"},{"ancestorTitles":["Carbon Calculation Math Utility"],"duration":1,"failing":false,"failureDetails":[],"failureMessages":[],"fullName":"Carbon Calculation Math Utility correctly maps all transport modes and factors","invocations":1,"location":null,"numPassingAsserts":21,"retryReasons":[],"startAt":1781278843806,"status":"passed","title":"correctly maps all transport modes and factors"}],"endTime":1781278843807,"message":"","name":"/Users/poleraviteja/Documents/untitled folder/tests/component/carbonMath.test.ts","startTime":1781278843790,"status":"passed","summary":""}],"wasInterrupted":false}
